# JRE version: Java(TM) SE Runtime Environment (8.0_102-b14) (build 1.8.0_102-b14)
# Java VM: Java HotSpot(TM) 64-Bit Server VM (25.102-b14 mixed mode windows-amd64 compressed oops)
Heap:
 PSYoungGen      total 55296K, used 40447K [0x0000000780980000, 0x000000078f500000, 0x00000007c0000000)
  eden space 54784K, 73% used [0x0000000780980000,0x00000007830e7e08,0x0000000783f00000)
  from space 512K, 18% used [0x000000078f400000,0x000000078f418000,0x000000078f480000)
  to   space 512K, 0% used [0x000000078f480000,0x000000078f480000,0x000000078f500000)
 ParOldGen       total 73728K, used 14270K [0x0000000701c00000, 0x0000000706400000, 0x0000000780980000)
  object space 73728K, 19% used [0x0000000701c00000,0x00000007029ef9b8,0x0000000706400000)
 Metaspace       used 29097K, capacity 30470K, committed 30720K, reserved 1077248K
  class space    used 3418K, capacity 3725K, committed 3840K, reserved 1048576K
GC Heap History (10 events):
Event: 134295.975 GC heap before
{Heap before GC invocations=103753 (full 2):
 PSYoungGen      total 60416K, used 60032K [0x0000000780980000, 0x000000078f500000, 0x00000007c0000000)
  eden space 59904K, 100% used [0x0000000780980000,0x0000000784400000,0x0000000784400000)
  from space 512K, 25% used [0x000000078f480000,0x000000078f4a0000,0x000000078f500000)
  to   space 512K, 0% used [0x000000078f400000,0x000000078f400000,0x000000078f480000)
 ParOldGen       total 73728K, used 14270K [0x0000000701c00000, 0x0000000706400000, 0x0000000780980000)
  object space 73728K, 19% used [0x0000000701c00000,0x00000007029ef9b8,0x0000000706400000)
 Metaspace       used 29097K, capacity 30470K, committed 30720K, reserved 1077248K
  class space    used 3418K, capacity 3725K, committed 3840K, reserved 1048576K
Event: 134295.977 GC heap after
Heap after GC invocations=103753 (full 2):
 PSYoungGen      total 59392K, used 128K [0x0000000780980000, 0x000000078f500000, 0x00000007c0000000)
  eden space 58880K, 0% used [0x0000000780980000,0x0000000780980000,0x0000000784300000)
  from space 512K, 25% used [0x000000078f400000,0x000000078f420000,0x000000078f480000)
  to   space 512K, 0% used [0x000000078f480000,0x000000078f480000,0x000000078f500000)
 ParOldGen       total 73728K, used 14270K [0x0000000701c00000, 0x0000000706400000, 0x0000000780980000)
  object space 73728K, 19% used [0x0000000701c00000,0x00000007029ef9b8,0x0000000706400000)
 Metaspace       used 29097K, capacity 30470K, committed 30720K, reserved 1077248K
  class space    used 3418K, capacity 3725K, committed 3840K, reserved 1048576K
}
Event: 134297.146 GC heap before
{Heap before GC invocations=103754 (full 2):
 PSYoungGen      total 59392K, used 59008K [0x0000000780980000, 0x000000078f500000, 0x00000007c0000000)
  eden space 58880K, 100% used [0x0000000780980000,0x0000000784300000,0x0000000784300000)
  from space 512K, 25% used [0x000000078f400000,0x000000078f420000,0x000000078f480000)
  to   space 512K, 0% used [0x000000078f480000,0x000000078f480000,0x000000078f500000)
 ParOldGen       total 73728K, used 14270K [0x0000000701c00000, 0x0000000706400000, 0x0000000780980000)
  object space 73728K, 19% used [0x0000000701c00000,0x00000007029ef9b8,0x0000000706400000)
 Metaspace       used 29097K, capacity 30470K, committed 30720K, reserved 1077248K
  class space    used 3418K, capacity 3725K, committed 3840K, reserved 1048576K
Event: 134297.147 GC heap after
Heap after GC invocations=103754 (full 2):
 PSYoungGen      total 58368K, used 32K [0x0000000780980000, 0x000000078f500000, 0x00000007c0000000)
  eden space 57856K, 0% used [0x0000000780980000,0x0000000780980000,0x0000000784200000)
  from space 512K, 6% used [0x000000078f480000,0x000000078f488000,0x000000078f500000)
  to   space 512K, 0% used [0x000000078f400000,0x000000078f400000,0x000000078f480000)
 ParOldGen       total 73728K, used 14270K [0x0000000701c00000, 0x0000000706400000, 0x0000000780980000)
  object space 73728K, 19% used [0x0000000701c00000,0x00000007029ef9b8,0x0000000706400000)
 Metaspace       used 29097K, capacity 30470K, committed 30720K, reserved 1077248K
  class space    used 3418K, capacity 3725K, committed 3840K, reserved 1048576K
}
Event: 134298.407 GC heap before
{Heap before GC invocations=103755 (full 2):
 PSYoungGen      total 58368K, used 57888K [0x0000000780980000, 0x000000078f500000, 0x00000007c0000000)
  eden space 57856K, 100% used [0x0000000780980000,0x0000000784200000,0x0000000784200000)
  from space 512K, 6% used [0x000000078f480000,0x000000078f488000,0x000000078f500000)
  to   space 512K, 0% used [0x000000078f400000,0x000000078f400000,0x000000078f480000)
 ParOldGen       total 73728K, used 14270K [0x0000000701c00000, 0x0000000706400000, 0x0000000780980000)
  object space 73728K, 19% used [0x0000000701c00000,0x00000007029ef9b8,0x0000000706400000)
 Metaspace       used 29097K, capacity 30470K, committed 30720K, reserved 1077248K
  class space    used 3418K, capacity 3725K, committed 3840K, reserved 1048576K
Event: 134298.410 GC heap after
Heap after GC invocations=103755 (full 2):
 PSYoungGen      total 57344K, used 64K [0x0000000780980000, 0x000000078f500000, 0x00000007c0000000)
  eden space 56832K, 0% used [0x0000000780980000,0x0000000780980000,0x0000000784100000)
  from space 512K, 12% used [0x000000078f400000,0x000000078f410000,0x000000078f480000)
  to   space 512K, 0% used [0x000000078f480000,0x000000078f480000,0x000000078f500000)
 ParOldGen       total 73728K, used 14270K [0x0000000701c00000, 0x0000000706400000, 0x0000000780980000)
  object space 73728K, 19% used [0x0000000701c00000,0x00000007029ef9b8,0x0000000706400000)
 Metaspace       used 29097K, capacity 30470K, committed 30720K, reserved 1077248K
  class space    used 3418K, capacity 3725K, committed 3840K, reserved 1048576K
}
Event: 134299.627 GC heap before
{Heap before GC invocations=103756 (full 2):
 PSYoungGen      total 57344K, used 56896K [0x0000000780980000, 0x000000078f500000, 0x00000007c0000000)
  eden space 56832K, 100% used [0x0000000780980000,0x0000000784100000,0x0000000784100000)
  from space 512K, 12% used [0x000000078f400000,0x000000078f410000,0x000000078f480000)
  to   space 512K, 0% used [0x000000078f480000,0x000000078f480000,0x000000078f500000)
 ParOldGen       total 73728K, used 14270K [0x0000000701c00000, 0x0000000706400000, 0x0000000780980000)
  object space 73728K, 19% used [0x0000000701c00000,0x00000007029ef9b8,0x0000000706400000)
 Metaspace       used 29097K, capacity 30470K, committed 30720K, reserved 1077248K
  class space    used 3418K, capacity 3725K, committed 3840K, reserved 1048576K
Event: 134299.628 GC heap after
Heap after GC invocations=103756 (full 2):
 PSYoungGen      total 56320K, used 96K [0x0000000780980000, 0x000000078f500000, 0x00000007c0000000)
  eden space 55808K, 0% used [0x0000000780980000,0x0000000780980000,0x0000000784000000)
  from space 512K, 18% used [0x000000078f480000,0x000000078f498000,0x000000078f500000)
  to   space 512K, 0% used [0x000000078f400000,0x000000078f400000,0x000000078f480000)
 ParOldGen       total 73728K, used 14270K [0x0000000701c00000, 0x0000000706400000, 0x0000000780980000)
  object space 73728K, 19% used [0x0000000701c00000,0x00000007029ef9b8,0x0000000706400000)
 Metaspace       used 29097K, capacity 30470K, committed 30720K, reserved 1077248K
  class space    used 3418K, capacity 3725K, committed 3840K, reserved 1048576K
}
Event: 134300.691 GC heap before
{Heap before GC invocations=103757 (full 2):
 PSYoungGen      total 56320K, used 55904K [0x0000000780980000, 0x000000078f500000, 0x00000007c0000000)
  eden space 55808K, 100% used [0x0000000780980000,0x0000000784000000,0x0000000784000000)
  from space 512K, 18% used [0x000000078f480000,0x000000078f498000,0x000000078f500000)
  to   space 512K, 0% used [0x000000078f400000,0x000000078f400000,0x000000078f480000)
 ParOldGen       total 73728K, used 14270K [0x0000000701c00000, 0x0000000706400000, 0x0000000780980000)
  object space 73728K, 19% used [0x0000000701c00000,0x00000007029ef9b8,0x0000000706400000)
 Metaspace       used 29097K, capacity 30470K, committed 30720K, reserved 1077248K
  class space    used 3418K, capacity 3725K, committed 3840K, reserved 1048576K
Event: 134300.692 GC heap after
Heap after GC invocations=103757 (full 2):
 PSYoungGen      total 55296K, used 96K [0x0000000780980000, 0x000000078f500000, 0x00000007c0000000)
  eden space 54784K, 0% used [0x0000000780980000,0x0000000780980000,0x0000000783f00000)
  from space 512K, 18% used [0x000000078f400000,0x000000078f418000,0x000000078f480000)
  to   space 512K, 0% used [0x000000078f480000,0x000000078f480000,0x000000078f500000)
 ParOldGen       total 73728K, used 14270K [0x0000000701c00000, 0x0000000706400000, 0x0000000780980000)
  object space 73728K, 19% used [0x0000000701c00000,0x00000007029ef9b8,0x0000000706400000)
 Metaspace       used 29097K, capacity 30470K, committed 30720K, reserved 1077248K
  class space    used 3418K, capacity 3725K, committed 3840K, reserved 1048576K
}

